# JRE version: Java(TM) SE Runtime Environment (8.0_05-b13) (build 1.8.0_05-b13)
# Java VM: Java HotSpot(TM) 64-Bit Server VM (25.5-b02 mixed mode windows-amd64 compressed oops)
Heap:
 PSYoungGen      total 8704K, used 6026K [0x00000000eab00000, 0x00000000eb580000, 0x0000000100000000)
  eden space 6656K, 67% used [0x00000000eab00000,0x00000000eaf625b8,0x00000000eb180000)
  from space 2048K, 75% used [0x00000000eb380000,0x00000000eb5002e8,0x00000000eb580000)
  to   space 2048K, 0% used [0x00000000eb180000,0x00000000eb180000,0x00000000eb380000)
 ParOldGen       total 55808K, used 4075K [0x00000000c0000000, 0x00000000c3680000, 0x00000000eab00000)
  object space 55808K, 7% used [0x00000000c0000000,0x00000000c03fafa8,0x00000000c3680000)
 Metaspace       used 6459K, capacity 7064K, committed 7296K, reserved 1056768K
  class space    used 751K, capacity 784K, committed 896K, reserved 1048576K
GC Heap History (10 events):
Event: 0.249 GC heap before
{Heap before GC invocations=6 (full 0):
 PSYoungGen      total 1536K, used 1513K [0x00000000eab00000, 0x00000000eaf00000, 0x0000000100000000)
  eden space 1024K, 99% used [0x00000000eab00000,0x00000000eabffc90,0x00000000eac00000)
  from space 512K, 95% used [0x00000000eac00000,0x00000000eac7a968,0x00000000eac80000)
  to   space 1024K, 0% used [0x00000000eae00000,0x00000000eae00000,0x00000000eaf00000)
 ParOldGen       total 55808K, used 2210K [0x00000000c0000000, 0x00000000c3680000, 0x00000000eab00000)
  object space 55808K, 3% used [0x00000000c0000000,0x00000000c02288d0,0x00000000c3680000)
 Metaspace       used 3756K, capacity 5264K, committed 5504K, reserved 1056768K
  class space    used 443K, capacity 520K, committed 640K, reserved 1048576K
Event: 0.250 GC heap after
Heap after GC invocations=6 (full 0):
 PSYoungGen      total 3072K, used 895K [0x00000000eab00000, 0x00000000eaf00000, 0x0000000100000000)
  eden space 2048K, 0% used [0x00000000eab00000,0x00000000eab00000,0x00000000ead00000)
  from space 1024K, 87% used [0x00000000eae00000,0x00000000eaedfd60,0x00000000eaf00000)
  to   space 1024K, 0% used [0x00000000ead00000,0x00000000ead00000,0x00000000eae00000)
 ParOldGen       total 55808K, used 2218K [0x00000000c0000000, 0x00000000c3680000, 0x00000000eab00000)
  object space 55808K, 3% used [0x00000000c0000000,0x00000000c022a8d0,0x00000000c3680000)
 Metaspace       used 3756K, capacity 5264K, committed 5504K, reserved 1056768K
  class space    used 443K, capacity 520K, committed 640K, reserved 1048576K
}
Event: 0.337 GC heap before
{Heap before GC invocations=7 (full 0):
 PSYoungGen      total 3072K, used 2940K [0x00000000eab00000, 0x00000000eaf00000, 0x0000000100000000)
  eden space 2048K, 99% used [0x00000000eab00000,0x00000000eacff328,0x00000000ead00000)
  from space 1024K, 87% used [0x00000000eae00000,0x00000000eaedfd60,0x00000000eaf00000)
  to   space 1024K, 0% used [0x00000000ead00000,0x00000000ead00000,0x00000000eae00000)
 ParOldGen       total 55808K, used 2218K [0x00000000c0000000, 0x00000000c3680000, 0x00000000eab00000)
  object space 55808K, 3% used [0x00000000c0000000,0x00000000c022a8d0,0x00000000c3680000)
 Metaspace       used 4510K, capacity 5904K, committed 6016K, reserved 1056768K
  class space    used 526K, capacity 584K, committed 640K, reserved 1048576K
Event: 0.338 GC heap after
Heap after GC invocations=7 (full 0):
 PSYoungGen      total 3072K, used 965K [0x00000000eab00000, 0x00000000eb200000, 0x0000000100000000)
  eden space 2048K, 0% used [0x00000000eab00000,0x00000000eab00000,0x00000000ead00000)
  from space 1024K, 94% used [0x00000000ead00000,0x00000000eadf1618,0x00000000eae00000)
  to   space 1536K, 0% used [0x00000000eb080000,0x00000000eb080000,0x00000000eb200000)
 ParOldGen       total 55808K, used 2470K [0x00000000c0000000, 0x00000000c3680000, 0x00000000eab00000)
  object space 55808K, 4% used [0x00000000c0000000,0x00000000c0269920,0x00000000c3680000)
 Metaspace       used 4510K, capacity 5904K, committed 6016K, reserved 1056768K
  class space    used 526K, capacity 584K, committed 640K, reserved 1048576K
}
Event: 0.403 GC heap before
{Heap before GC invocations=8 (full 0):
 PSYoungGen      total 3072K, used 3013K [0x00000000eab00000, 0x00000000eb200000, 0x0000000100000000)
  eden space 2048K, 100% used [0x00000000eab00000,0x00000000ead00000,0x00000000ead00000)
  from space 1024K, 94% used [0x00000000ead00000,0x00000000eadf1618,0x00000000eae00000)
  to   space 1536K, 0% used [0x00000000eb080000,0x00000000eb080000,0x00000000eb200000)
 ParOldGen       total 55808K, used 2470K [0x00000000c0000000, 0x00000000c3680000, 0x00000000eab00000)
  object space 55808K, 4% used [0x00000000c0000000,0x00000000c0269920,0x00000000c3680000)
 Metaspace       used 4842K, capacity 6192K, committed 6272K, reserved 1056768K
  class space    used 557K, capacity 616K, committed 640K, reserved 1048576K
Event: 0.404 GC heap after
Heap after GC invocations=8 (full 0):
 PSYoungGen      total 5632K, used 1162K [0x00000000eab00000, 0x00000000eb200000, 0x0000000100000000)
  eden space 4096K, 0% used [0x00000000eab00000,0x00000000eab00000,0x00000000eaf00000)
  from space 1536K, 75% used [0x00000000eb080000,0x00000000eb1a2960,0x00000000eb200000)
  to   space 1536K, 0% used [0x00000000eaf00000,0x00000000eaf00000,0x00000000eb080000)
 ParOldGen       total 55808K, used 2547K [0x00000000c0000000, 0x00000000c3680000, 0x00000000eab00000)
  object space 55808K, 4% used [0x00000000c0000000,0x00000000c027cce8,0x00000000c3680000)
 Metaspace       used 4842K, capacity 6192K, committed 6272K, reserved 1056768K
  class space    used 557K, capacity 616K, committed 640K, reserved 1048576K
}
Event: 0.579 GC heap before
{Heap before GC invocations=9 (full 0):
 PSYoungGen      total 5632K, used 5258K [0x00000000eab00000, 0x00000000eb200000, 0x0000000100000000)
  eden space 4096K, 100% used [0x00000000eab00000,0x00000000eaf00000,0x00000000eaf00000)
  from space 1536K, 75% used [0x00000000eb080000,0x00000000eb1a2960,0x00000000eb200000)
  to   space 1536K, 0% used [0x00000000eaf00000,0x00000000eaf00000,0x00000000eb080000)
 ParOldGen       total 55808K, used 2547K [0x00000000c0000000, 0x00000000c3680000, 0x00000000eab00000)
  object space 55808K, 4% used [0x00000000c0000000,0x00000000c027cce8,0x00000000c3680000)
 Metaspace       used 5543K, capacity 6546K, committed 6912K, reserved 1056768K
  class space    used 628K, capacity 650K, committed 768K, reserved 1048576K
Event: 0.582 GC heap after
Heap after GC invocations=9 (full 0):
 PSYoungGen      total 5632K, used 1515K [0x00000000eab00000, 0x00000000eb580000, 0x0000000100000000)
  eden space 4096K, 0% used [0x00000000eab00000,0x00000000eab00000,0x00000000eaf00000)
  from space 1536K, 98% used [0x00000000eaf00000,0x00000000eb07aff0,0x00000000eb080000)
  to   space 2048K, 0% used [0x00000000eb380000,0x00000000eb380000,0x00000000eb580000)
 ParOldGen       total 55808K, used 3075K [0x00000000c0000000, 0x00000000c3680000, 0x00000000eab00000)
  object space 55808K, 5% used [0x00000000c0000000,0x00000000c0300f60,0x00000000c3680000)
 Metaspace       used 5543K, capacity 6546K, committed 6912K, reserved 1056768K
  class space    used 628K, capacity 650K, committed 768K, reserved 1048576K
}
Event: 0.722 GC heap before
{Heap before GC invocations=10 (full 0):
 PSYoungGen      total 5632K, used 5611K [0x00000000eab00000, 0x00000000eb580000, 0x0000000100000000)
  eden space 4096K, 100% used [0x00000000eab00000,0x00000000eaf00000,0x00000000eaf00000)
  from space 1536K, 98% used [0x00000000eaf00000,0x00000000eb07aff0,0x00000000eb080000)
  to   space 2048K, 0% used [0x00000000eb380000,0x00000000eb380000,0x00000000eb580000)
 ParOldGen       total 55808K, used 3075K [0x00000000c0000000, 0x00000000c3680000, 0x00000000eab00000)
  object space 55808K, 5% used [0x00000000c0000000,0x00000000c0300f60,0x00000000c3680000)
 Metaspace       used 5922K, capacity 6900K, committed 7168K, reserved 1056768K
  class space    used 680K, capacity 684K, committed 768K, reserved 1048576K
Event: 0.724 GC heap after
Heap after GC invocations=10 (full 0):
 PSYoungGen      total 8704K, used 1536K [0x00000000eab00000, 0x00000000eb580000, 0x0000000100000000)
  eden space 6656K, 0% used [0x00000000eab00000,0x00000000eab00000,0x00000000eb180000)
  from space 2048K, 75% used [0x00000000eb380000,0x00000000eb5002e8,0x00000000eb580000)
  to   space 2048K, 0% used [0x00000000eb180000,0x00000000eb180000,0x00000000eb380000)
 ParOldGen       total 55808K, used 4075K [0x00000000c0000000, 0x00000000c3680000, 0x00000000eab00000)
  object space 55808K, 7% used [0x00000000c0000000,0x00000000c03fafa8,0x00000000c3680000)
 Metaspace       used 5922K, capacity 6900K, committed 7168K, reserved 1056768K
  class space    used 680K, capacity 684K, committed 768K, reserved 1048576K
}

