# JRE version: Java(TM) SE Runtime Environment (8.0_05-b13) (build 1.8.0_05-b13)
# Java VM: Java HotSpot(TM) 64-Bit Server VM (25.5-b02 mixed mode windows-amd64 compressed oops)
Heap:
 PSYoungGen      total 2560K, used 863K [0x00000000eab00000, 0x00000000eb000000, 0x0000000100000000)
  eden space 1024K, 59% used [0x00000000eab00000,0x00000000eab97e08,0x00000000eac00000)
  from space 1536K, 16% used [0x00000000eac00000,0x00000000eac40000,0x00000000ead80000)
  to   space 1536K, 0% used [0x00000000eae80000,0x00000000eae80000,0x00000000eb000000)
 ParOldGen       total 55808K, used 2854K [0x00000000c0000000, 0x00000000c3680000, 0x00000000eab00000)
  object space 55808K, 5% used [0x00000000c0000000,0x00000000c02c99f8,0x00000000c3680000)
 Metaspace       used 4834K, capacity 6320K, committed 6528K, reserved 1058816K
  class space    used 530K, capacity 616K, committed 640K, reserved 1048576K
GC Heap History (10 events):
Event: 1.145 GC heap before
{Heap before GC invocations=7 (full 0):
 PSYoungGen      total 1536K, used 1504K [0x00000000eab00000, 0x00000000eae00000, 0x0000000100000000)
  eden space 1024K, 100% used [0x00000000eab00000,0x00000000eac00000,0x00000000eac00000)
  from space 512K, 93% used [0x00000000eac80000,0x00000000eacf8020,0x00000000ead00000)
  to   space 512K, 0% used [0x00000000eac00000,0x00000000eac00000,0x00000000eac80000)
 ParOldGen       total 55808K, used 1511K [0x00000000c0000000, 0x00000000c3680000, 0x00000000eab00000)
  object space 55808K, 2% used [0x00000000c0000000,0x00000000c0179cd0,0x00000000c3680000)
 Metaspace       used 4525K, capacity 6032K, committed 6272K, reserved 1058816K
  class space    used 518K, capacity 584K, committed 640K, reserved 1048576K
Event: 1.147 GC heap after
Heap after GC invocations=7 (full 0):
 PSYoungGen      total 1536K, used 480K [0x00000000eab00000, 0x00000000eae00000, 0x0000000100000000)
  eden space 1024K, 0% used [0x00000000eab00000,0x00000000eab00000,0x00000000eac00000)
  from space 512K, 93% used [0x00000000eac00000,0x00000000eac78018,0x00000000eac80000)
  to   space 512K, 0% used [0x00000000eac80000,0x00000000eac80000,0x00000000ead00000)
 ParOldGen       total 55808K, used 1961K [0x00000000c0000000, 0x00000000c3680000, 0x00000000eab00000)
  object space 55808K, 3% used [0x00000000c0000000,0x00000000c01ea548,0x00000000c3680000)
 Metaspace       used 4525K, capacity 6032K, committed 6272K, reserved 1058816K
  class space    used 518K, capacity 584K, committed 640K, reserved 1048576K
}
Event: 1.229 GC heap before
{Heap before GC invocations=8 (full 0):
 PSYoungGen      total 1536K, used 1504K [0x00000000eab00000, 0x00000000eae00000, 0x0000000100000000)
  eden space 1024K, 100% used [0x00000000eab00000,0x00000000eac00000,0x00000000eac00000)
  from space 512K, 93% used [0x00000000eac00000,0x00000000eac78018,0x00000000eac80000)
  to   space 512K, 0% used [0x00000000eac80000,0x00000000eac80000,0x00000000ead00000)
 ParOldGen       total 55808K, used 1961K [0x00000000c0000000, 0x00000000c3680000, 0x00000000eab00000)
  object space 55808K, 3% used [0x00000000c0000000,0x00000000c01ea548,0x00000000c3680000)
 Metaspace       used 4627K, capacity 6096K, committed 6272K, reserved 1058816K
  class space    used 523K, capacity 584K, committed 640K, reserved 1048576K
Event: 1.230 GC heap after
Heap after GC invocations=8 (full 0):
 PSYoungGen      total 1024K, used 480K [0x00000000eab00000, 0x00000000eb000000, 0x0000000100000000)
  eden space 512K, 0% used [0x00000000eab00000,0x00000000eab00000,0x00000000eab80000)
  from space 512K, 93% used [0x00000000eac80000,0x00000000eacf8018,0x00000000ead00000)
  to   space 1024K, 0% used [0x00000000eab80000,0x00000000eab80000,0x00000000eac80000)
 ParOldGen       total 55808K, used 2161K [0x00000000c0000000, 0x00000000c3680000, 0x00000000eab00000)
  object space 55808K, 3% used [0x00000000c0000000,0x00000000c021c548,0x00000000c3680000)
 Metaspace       used 4627K, capacity 6096K, committed 6272K, reserved 1058816K
  class space    used 523K, capacity 584K, committed 640K, reserved 1048576K
}
Event: 1.269 GC heap before
{Heap before GC invocations=9 (full 0):
 PSYoungGen      total 1024K, used 992K [0x00000000eab00000, 0x00000000eb000000, 0x0000000100000000)
  eden space 512K, 100% used [0x00000000eab00000,0x00000000eab80000,0x00000000eab80000)
  from space 512K, 93% used [0x00000000eac80000,0x00000000eacf8018,0x00000000ead00000)
  to   space 1024K, 0% used [0x00000000eab80000,0x00000000eab80000,0x00000000eac80000)
 ParOldGen       total 55808K, used 2161K [0x00000000c0000000, 0x00000000c3680000, 0x00000000eab00000)
  object space 55808K, 3% used [0x00000000c0000000,0x00000000c021c548,0x00000000c3680000)
 Metaspace       used 4708K, capacity 6256K, committed 6528K, reserved 1058816K
  class space    used 529K, capacity 616K, committed 640K, reserved 1048576K
Event: 1.270 GC heap after
Heap after GC invocations=9 (full 0):
 PSYoungGen      total 1536K, used 640K [0x00000000eab00000, 0x00000000eaf00000, 0x0000000100000000)
  eden space 512K, 0% used [0x00000000eab00000,0x00000000eab00000,0x00000000eab80000)
  from space 1024K, 62% used [0x00000000eab80000,0x00000000eac20018,0x00000000eac80000)
  to   space 1536K, 0% used [0x00000000ead80000,0x00000000ead80000,0x00000000eaf00000)
 ParOldGen       total 55808K, used 2233K [0x00000000c0000000, 0x00000000c3680000, 0x00000000eab00000)
  object space 55808K, 4% used [0x00000000c0000000,0x00000000c022e548,0x00000000c3680000)
 Metaspace       used 4708K, capacity 6256K, committed 6528K, reserved 1058816K
  class space    used 529K, capacity 616K, committed 640K, reserved 1048576K
}
Event: 1.317 GC heap before
{Heap before GC invocations=10 (full 0):
 PSYoungGen      total 1536K, used 1152K [0x00000000eab00000, 0x00000000eaf00000, 0x0000000100000000)
  eden space 512K, 100% used [0x00000000eab00000,0x00000000eab80000,0x00000000eab80000)
  from space 1024K, 62% used [0x00000000eab80000,0x00000000eac20018,0x00000000eac80000)
  to   space 1536K, 0% used [0x00000000ead80000,0x00000000ead80000,0x00000000eaf00000)
 ParOldGen       total 55808K, used 2233K [0x00000000c0000000, 0x00000000c3680000, 0x00000000eab00000)
  object space 55808K, 4% used [0x00000000c0000000,0x00000000c022e548,0x00000000c3680000)
 Metaspace       used 4754K, capacity 6256K, committed 6528K, reserved 1058816K
  class space    used 529K, capacity 616K, committed 640K, reserved 1048576K
Event: 1.319 GC heap after
Heap after GC invocations=10 (full 0):
 PSYoungGen      total 2560K, used 256K [0x00000000eab00000, 0x00000000eaf00000, 0x0000000100000000)
  eden space 1024K, 0% used [0x00000000eab00000,0x00000000eab00000,0x00000000eac00000)
  from space 1536K, 16% used [0x00000000ead80000,0x00000000eadc0000,0x00000000eaf00000)
  to   space 1536K, 0% used [0x00000000eac00000,0x00000000eac00000,0x00000000ead80000)
 ParOldGen       total 55808K, used 2673K [0x00000000c0000000, 0x00000000c3680000, 0x00000000eab00000)
  object space 55808K, 4% used [0x00000000c0000000,0x00000000c029c560,0x00000000c3680000)
 Metaspace       used 4754K, capacity 6256K, committed 6528K, reserved 1058816K
  class space    used 529K, capacity 616K, committed 640K, reserved 1048576K
}
Event: 1.385 GC heap before
{Heap before GC invocations=11 (full 0):
 PSYoungGen      total 2560K, used 1280K [0x00000000eab00000, 0x00000000eaf00000, 0x0000000100000000)
  eden space 1024K, 100% used [0x00000000eab00000,0x00000000eac00000,0x00000000eac00000)
  from space 1536K, 16% used [0x00000000ead80000,0x00000000eadc0000,0x00000000eaf00000)
  to   space 1536K, 0% used [0x00000000eac00000,0x00000000eac00000,0x00000000ead80000)
 ParOldGen       total 55808K, used 2673K [0x00000000c0000000, 0x00000000c3680000, 0x00000000eab00000)
  object space 55808K, 4% used [0x00000000c0000000,0x00000000c029c560,0x00000000c3680000)
 Metaspace       used 4809K, capacity 6320K, committed 6528K, reserved 1058816K
  class space    used 530K, capacity 616K, committed 640K, reserved 1048576K
Event: 1.389 GC heap after
Heap after GC invocations=11 (full 0):
 PSYoungGen      total 2560K, used 256K [0x00000000eab00000, 0x00000000eb000000, 0x0000000100000000)
  eden space 1024K, 0% used [0x00000000eab00000,0x00000000eab00000,0x00000000eac00000)
  from space 1536K, 16% used [0x00000000eac00000,0x00000000eac40000,0x00000000ead80000)
  to   space 1536K, 0% used [0x00000000eae80000,0x00000000eae80000,0x00000000eb000000)
 ParOldGen       total 55808K, used 2854K [0x00000000c0000000, 0x00000000c3680000, 0x00000000eab00000)
  object space 55808K, 5% used [0x00000000c0000000,0x00000000c02c99f8,0x00000000c3680000)
 Metaspace       used 4809K, capacity 6320K, committed 6528K, reserved 1058816K
  class space    used 530K, capacity 616K, committed 640K, reserved 1048576K
}

