# JRE version: Java(TM) SE Runtime Environment (8.0_05-b13) (build 1.8.0_05-b13)
# Java VM: Java HotSpot(TM) 64-Bit Server VM (25.5-b02 mixed mode windows-amd64 compressed oops)
Heap:
 PSYoungGen      total 5632K, used 2398K [0x00000000eab00000, 0x00000000eb580000, 0x0000000100000000)
  eden space 4096K, 21% used [0x00000000eab00000,0x00000000eabdfa18,0x00000000eaf00000)
  from space 1536K, 97% used [0x00000000eaf00000,0x00000000eb078018,0x00000000eb080000)
  to   space 2048K, 0% used [0x00000000eb380000,0x00000000eb380000,0x00000000eb580000)
 ParOldGen       total 55808K, used 1491K [0x00000000c0000000, 0x00000000c3680000, 0x00000000eab00000)
  object space 55808K, 2% used [0x00000000c0000000,0x00000000c0174d38,0x00000000c3680000)
 Metaspace       used 4908K, capacity 6448K, committed 6528K, reserved 1056768K
  class space    used 536K, capacity 616K, committed 640K, reserved 1048576K
GC Heap History (10 events):
Event: 0.819 GC heap before
{Heap before GC invocations=5 (full 0):
 PSYoungGen      total 1536K, used 1519K [0x00000000eab00000, 0x00000000ead00000, 0x0000000100000000)
  eden space 1024K, 98% used [0x00000000eab00000,0x00000000eabfd320,0x00000000eac00000)
  from space 512K, 98% used [0x00000000eac80000,0x00000000eacfea80,0x00000000ead00000)
  to   space 512K, 0% used [0x00000000eac00000,0x00000000eac00000,0x00000000eac80000)
 ParOldGen       total 55808K, used 539K [0x00000000c0000000, 0x00000000c3680000, 0x00000000eab00000)
  object space 55808K, 0% used [0x00000000c0000000,0x00000000c0086c00,0x00000000c3680000)
 Metaspace       used 3454K, capacity 5168K, committed 5376K, reserved 1056768K
  class space    used 401K, capacity 488K, committed 512K, reserved 1048576K
Event: 0.821 GC heap after
Heap after GC invocations=5 (full 0):
 PSYoungGen      total 1536K, used 496K [0x00000000eab00000, 0x00000000eaf00000, 0x0000000100000000)
  eden space 1024K, 0% used [0x00000000eab00000,0x00000000eab00000,0x00000000eac00000)
  from space 512K, 96% used [0x00000000eac00000,0x00000000eac7c010,0x00000000eac80000)
  to   space 1024K, 0% used [0x00000000eae00000,0x00000000eae00000,0x00000000eaf00000)
 ParOldGen       total 55808K, used 868K [0x00000000c0000000, 0x00000000c3680000, 0x00000000eab00000)
  object space 55808K, 1% used [0x00000000c0000000,0x00000000c00d92c0,0x00000000c3680000)
 Metaspace       used 3454K, capacity 5168K, committed 5376K, reserved 1056768K
  class space    used 401K, capacity 488K, committed 512K, reserved 1048576K
}
Event: 0.877 GC heap before
{Heap before GC invocations=6 (full 0):
 PSYoungGen      total 1536K, used 1520K [0x00000000eab00000, 0x00000000eaf00000, 0x0000000100000000)
  eden space 1024K, 100% used [0x00000000eab00000,0x00000000eac00000,0x00000000eac00000)
  from space 512K, 96% used [0x00000000eac00000,0x00000000eac7c010,0x00000000eac80000)
  to   space 1024K, 0% used [0x00000000eae00000,0x00000000eae00000,0x00000000eaf00000)
 ParOldGen       total 55808K, used 868K [0x00000000c0000000, 0x00000000c3680000, 0x00000000eab00000)
  object space 55808K, 1% used [0x00000000c0000000,0x00000000c00d92c0,0x00000000c3680000)
 Metaspace       used 3844K, capacity 5520K, committed 5760K, reserved 1056768K
  class space    used 441K, capacity 520K, committed 640K, reserved 1048576K
Event: 0.878 GC heap after
Heap after GC invocations=6 (full 0):
 PSYoungGen      total 3072K, used 859K [0x00000000eab00000, 0x00000000eaf00000, 0x0000000100000000)
  eden space 2048K, 0% used [0x00000000eab00000,0x00000000eab00000,0x00000000ead00000)
  from space 1024K, 83% used [0x00000000eae00000,0x00000000eaed6cd0,0x00000000eaf00000)
  to   space 1024K, 0% used [0x00000000ead00000,0x00000000ead00000,0x00000000eae00000)
 ParOldGen       total 55808K, used 876K [0x00000000c0000000, 0x00000000c3680000, 0x00000000eab00000)
  object space 55808K, 1% used [0x00000000c0000000,0x00000000c00db2c0,0x00000000c3680000)
 Metaspace       used 3844K, capacity 5520K, committed 5760K, reserved 1056768K
  class space    used 441K, capacity 520K, committed 640K, reserved 1048576K
}
Event: 0.967 GC heap before
{Heap before GC invocations=7 (full 0):
 PSYoungGen      total 3072K, used 2907K [0x00000000eab00000, 0x00000000eaf00000, 0x0000000100000000)
  eden space 2048K, 100% used [0x00000000eab00000,0x00000000ead00000,0x00000000ead00000)
  from space 1024K, 83% used [0x00000000eae00000,0x00000000eaed6cd0,0x00000000eaf00000)
  to   space 1024K, 0% used [0x00000000ead00000,0x00000000ead00000,0x00000000eae00000)
 ParOldGen       total 55808K, used 876K [0x00000000c0000000, 0x00000000c3680000, 0x00000000eab00000)
  object space 55808K, 1% used [0x00000000c0000000,0x00000000c00db2c0,0x00000000c3680000)
 Metaspace       used 4472K, capacity 6064K, committed 6272K, reserved 1056768K
  class space    used 527K, capacity 616K, committed 640K, reserved 1048576K
Event: 0.970 GC heap after
Heap after GC invocations=7 (full 0):
 PSYoungGen      total 3072K, used 1008K [0x00000000eab00000, 0x00000000eb200000, 0x0000000100000000)
  eden space 2048K, 0% used [0x00000000eab00000,0x00000000eab00000,0x00000000ead00000)
  from space 1024K, 98% used [0x00000000ead00000,0x00000000eadfc1d8,0x00000000eae00000)
  to   space 1536K, 0% used [0x00000000eb080000,0x00000000eb080000,0x00000000eb200000)
 ParOldGen       total 55808K, used 1240K [0x00000000c0000000, 0x00000000c3680000, 0x00000000eab00000)
  object space 55808K, 2% used [0x00000000c0000000,0x00000000c01363b8,0x00000000c3680000)
 Metaspace       used 4472K, capacity 6064K, committed 6272K, reserved 1056768K
  class space    used 527K, capacity 616K, committed 640K, reserved 1048576K
}
Event: 1.147 GC heap before
{Heap before GC invocations=8 (full 0):
 PSYoungGen      total 3072K, used 3056K [0x00000000eab00000, 0x00000000eb200000, 0x0000000100000000)
  eden space 2048K, 100% used [0x00000000eab00000,0x00000000ead00000,0x00000000ead00000)
  from space 1024K, 98% used [0x00000000ead00000,0x00000000eadfc1d8,0x00000000eae00000)
  to   space 1536K, 0% used [0x00000000eb080000,0x00000000eb080000,0x00000000eb200000)
 ParOldGen       total 55808K, used 1240K [0x00000000c0000000, 0x00000000c3680000, 0x00000000eab00000)
  object space 55808K, 2% used [0x00000000c0000000,0x00000000c01363b8,0x00000000c3680000)
 Metaspace       used 4671K, capacity 6256K, committed 6528K, reserved 1056768K
  class space    used 533K, capacity 616K, committed 640K, reserved 1048576K
Event: 1.150 GC heap after
Heap after GC invocations=8 (full 0):
 PSYoungGen      total 5632K, used 896K [0x00000000eab00000, 0x00000000eb200000, 0x0000000100000000)
  eden space 4096K, 0% used [0x00000000eab00000,0x00000000eab00000,0x00000000eaf00000)
  from space 1536K, 58% used [0x00000000eb080000,0x00000000eb160018,0x00000000eb200000)
  to   space 1536K, 0% used [0x00000000eaf00000,0x00000000eaf00000,0x00000000eb080000)
 ParOldGen       total 55808K, used 1336K [0x00000000c0000000, 0x00000000c3680000, 0x00000000eab00000)
  object space 55808K, 2% used [0x00000000c0000000,0x00000000c014e3b8,0x00000000c3680000)
 Metaspace       used 4671K, capacity 6256K, committed 6528K, reserved 1056768K
  class space    used 533K, capacity 616K, committed 640K, reserved 1048576K
}
Event: 1.443 GC heap before
{Heap before GC invocations=9 (full 0):
 PSYoungGen      total 5632K, used 4992K [0x00000000eab00000, 0x00000000eb200000, 0x0000000100000000)
  eden space 4096K, 100% used [0x00000000eab00000,0x00000000eaf00000,0x00000000eaf00000)
  from space 1536K, 58% used [0x00000000eb080000,0x00000000eb160018,0x00000000eb200000)
  to   space 1536K, 0% used [0x00000000eaf00000,0x00000000eaf00000,0x00000000eb080000)
 ParOldGen       total 55808K, used 1336K [0x00000000c0000000, 0x00000000c3680000, 0x00000000eab00000)
  object space 55808K, 2% used [0x00000000c0000000,0x00000000c014e3b8,0x00000000c3680000)
 Metaspace       used 4881K, capacity 6448K, committed 6528K, reserved 1056768K
  class space    used 536K, capacity 616K, committed 640K, reserved 1048576K
Event: 1.447 GC heap after
Heap after GC invocations=9 (full 0):
 PSYoungGen      total 5632K, used 1504K [0x00000000eab00000, 0x00000000eb580000, 0x0000000100000000)
  eden space 4096K, 0% used [0x00000000eab00000,0x00000000eab00000,0x00000000eaf00000)
  from space 1536K, 97% used [0x00000000eaf00000,0x00000000eb078018,0x00000000eb080000)
  to   space 2048K, 0% used [0x00000000eb380000,0x00000000eb380000,0x00000000eb580000)
 ParOldGen       total 55808K, used 1491K [0x00000000c0000000, 0x00000000c3680000, 0x00000000eab00000)
  object space 55808K, 2% used [0x00000000c0000000,0x00000000c0174d38,0x00000000c3680000)
 Metaspace       used 4881K, capacity 6448K, committed 6528K, reserved 1056768K
  class space    used 536K, capacity 616K, committed 640K, reserved 1048576K
}

