# JRE version: Java(TM) SE Runtime Environment (8.0_05-b13) (build 1.8.0_05-b13)
# Java VM: Java HotSpot(TM) 64-Bit Server VM (25.5-b02 mixed mode windows-amd64 compressed oops)
Heap:
 PSYoungGen      total 43520K, used 27337K [0x00000000eab00000, 0x00000000ee100000, 0x0000000100000000)
  eden space 34816K, 56% used [0x00000000eab00000,0x00000000ebe59838,0x00000000ecd00000)
  from space 8704K, 86% used [0x00000000ed680000,0x00000000eddd8cf0,0x00000000edf00000)
  to   space 9728K, 0% used [0x00000000ecd00000,0x00000000ecd00000,0x00000000ed680000)
 ParOldGen       total 55808K, used 40256K [0x00000000c0000000, 0x00000000c3680000, 0x00000000eab00000)
  object space 55808K, 72% used [0x00000000c0000000,0x00000000c2750018,0x00000000c3680000)
 Metaspace       used 7134K, capacity 7544K, committed 7808K, reserved 1056768K
  class space    used 766K, capacity 816K, committed 896K, reserved 1048576K
GC Heap History (10 events):
Event: 2.184 GC heap before
{Heap before GC invocations=17 (full 0):
 PSYoungGen      total 18432K, used 18417K [0x00000000eab00000, 0x00000000ec400000, 0x0000000100000000)
  eden space 15872K, 100% used [0x00000000eab00000,0x00000000eba80000,0x00000000eba80000)
  from space 2560K, 99% used [0x00000000ebe80000,0x00000000ec0fc430,0x00000000ec100000)
  to   space 4096K, 0% used [0x00000000eba80000,0x00000000eba80000,0x00000000ebe80000)
 ParOldGen       total 55808K, used 10022K [0x00000000c0000000, 0x00000000c3680000, 0x00000000eab00000)
  object space 55808K, 17% used [0x00000000c0000000,0x00000000c09c9ba8,0x00000000c3680000)
 Metaspace       used 7099K, capacity 7544K, committed 7808K, reserved 1056768K
  class space    used 766K, capacity 816K, committed 896K, reserved 1048576K
Event: 2.190 GC heap after
Heap after GC invocations=17 (full 0):
 PSYoungGen      total 19968K, used 3485K [0x00000000eab00000, 0x00000000eca00000, 0x0000000100000000)
  eden space 15872K, 0% used [0x00000000eab00000,0x00000000eab00000,0x00000000eba80000)
  from space 4096K, 85% used [0x00000000eba80000,0x00000000ebde74d8,0x00000000ebe80000)
  to   space 4608K, 0% used [0x00000000ec580000,0x00000000ec580000,0x00000000eca00000)
 ParOldGen       total 55808K, used 11003K [0x00000000c0000000, 0x00000000c3680000, 0x00000000eab00000)
  object space 55808K, 19% used [0x00000000c0000000,0x00000000c0abeff0,0x00000000c3680000)
 Metaspace       used 7099K, capacity 7544K, committed 7808K, reserved 1056768K
  class space    used 766K, capacity 816K, committed 896K, reserved 1048576K
}
Event: 2.257 GC heap before
{Heap before GC invocations=18 (full 0):
 PSYoungGen      total 19968K, used 19357K [0x00000000eab00000, 0x00000000eca00000, 0x0000000100000000)
  eden space 15872K, 100% used [0x00000000eab00000,0x00000000eba80000,0x00000000eba80000)
  from space 4096K, 85% used [0x00000000eba80000,0x00000000ebde74d8,0x00000000ebe80000)
  to   space 4608K, 0% used [0x00000000ec580000,0x00000000ec580000,0x00000000eca00000)
 ParOldGen       total 55808K, used 11003K [0x00000000c0000000, 0x00000000c3680000, 0x00000000eab00000)
  object space 55808K, 19% used [0x00000000c0000000,0x00000000c0abeff0,0x00000000c3680000)
 Metaspace       used 7104K, capacity 7544K, committed 7808K, reserved 1056768K
  class space    used 766K, capacity 816K, committed 896K, reserved 1048576K
Event: 2.268 GC heap after
Heap after GC invocations=18 (full 0):
 PSYoungGen      total 23040K, used 4593K [0x00000000eab00000, 0x00000000ed200000, 0x0000000100000000)
  eden space 18432K, 0% used [0x00000000eab00000,0x00000000eab00000,0x00000000ebd00000)
  from space 4608K, 99% used [0x00000000ec580000,0x00000000ec9fc718,0x00000000eca00000)
  to   space 8704K, 0% used [0x00000000ebd00000,0x00000000ebd00000,0x00000000ec580000)
 ParOldGen       total 55808K, used 19751K [0x00000000c0000000, 0x00000000c3680000, 0x00000000eab00000)
  object space 55808K, 35% used [0x00000000c0000000,0x00000000c1349f70,0x00000000c3680000)
 Metaspace       used 7104K, capacity 7544K, committed 7808K, reserved 1056768K
  class space    used 766K, capacity 816K, committed 896K, reserved 1048576K
}
Event: 2.380 GC heap before
{Heap before GC invocations=19 (full 0):
 PSYoungGen      total 23040K, used 23025K [0x00000000eab00000, 0x00000000ed200000, 0x0000000100000000)
  eden space 18432K, 100% used [0x00000000eab00000,0x00000000ebd00000,0x00000000ebd00000)
  from space 4608K, 99% used [0x00000000ec580000,0x00000000ec9fc718,0x00000000eca00000)
  to   space 8704K, 0% used [0x00000000ebd00000,0x00000000ebd00000,0x00000000ec580000)
 ParOldGen       total 55808K, used 19751K [0x00000000c0000000, 0x00000000c3680000, 0x00000000eab00000)
  object space 55808K, 35% used [0x00000000c0000000,0x00000000c1349f70,0x00000000c3680000)
 Metaspace       used 7107K, capacity 7544K, committed 7808K, reserved 1056768K
  class space    used 766K, capacity 816K, committed 896K, reserved 1048576K
Event: 2.388 GC heap after
Heap after GC invocations=19 (full 0):
 PSYoungGen      total 27136K, used 1710K [0x00000000eab00000, 0x00000000ed480000, 0x0000000100000000)
  eden space 18432K, 0% used [0x00000000eab00000,0x00000000eab00000,0x00000000ebd00000)
  from space 8704K, 19% used [0x00000000ebd00000,0x00000000ebeaba88,0x00000000ec580000)
  to   space 8192K, 0% used [0x00000000ecc80000,0x00000000ecc80000,0x00000000ed480000)
 ParOldGen       total 55808K, used 32170K [0x00000000c0000000, 0x00000000c3680000, 0x00000000eab00000)
  object space 55808K, 57% used [0x00000000c0000000,0x00000000c1f6aa30,0x00000000c3680000)
 Metaspace       used 7107K, capacity 7544K, committed 7808K, reserved 1056768K
  class space    used 766K, capacity 816K, committed 896K, reserved 1048576K
}
Event: 2.470 GC heap before
{Heap before GC invocations=20 (full 0):
 PSYoungGen      total 27136K, used 20142K [0x00000000eab00000, 0x00000000ed480000, 0x0000000100000000)
  eden space 18432K, 100% used [0x00000000eab00000,0x00000000ebd00000,0x00000000ebd00000)
  from space 8704K, 19% used [0x00000000ebd00000,0x00000000ebeaba88,0x00000000ec580000)
  to   space 8192K, 0% used [0x00000000ecc80000,0x00000000ecc80000,0x00000000ed480000)
 ParOldGen       total 55808K, used 32170K [0x00000000c0000000, 0x00000000c3680000, 0x00000000eab00000)
  object space 55808K, 57% used [0x00000000c0000000,0x00000000c1f6aa30,0x00000000c3680000)
 Metaspace       used 7110K, capacity 7544K, committed 7808K, reserved 1056768K
  class space    used 766K, capacity 816K, committed 896K, reserved 1048576K
Event: 2.478 GC heap after
Heap after GC invocations=20 (full 0):
 PSYoungGen      total 33792K, used 6339K [0x00000000eab00000, 0x00000000ed580000, 0x0000000100000000)
  eden space 25600K, 0% used [0x00000000eab00000,0x00000000eab00000,0x00000000ec400000)
  from space 8192K, 77% used [0x00000000ecc80000,0x00000000ed2b0d18,0x00000000ed480000)
  to   space 8704K, 0% used [0x00000000ec400000,0x00000000ec400000,0x00000000ecc80000)
 ParOldGen       total 55808K, used 32390K [0x00000000c0000000, 0x00000000c3680000, 0x00000000eab00000)
  object space 55808K, 58% used [0x00000000c0000000,0x00000000c1fa1a60,0x00000000c3680000)
 Metaspace       used 7110K, capacity 7544K, committed 7808K, reserved 1056768K
  class space    used 766K, capacity 816K, committed 896K, reserved 1048576K
}
Event: 2.586 GC heap before
{Heap before GC invocations=21 (full 0):
 PSYoungGen      total 33792K, used 31939K [0x00000000eab00000, 0x00000000ed580000, 0x0000000100000000)
  eden space 25600K, 100% used [0x00000000eab00000,0x00000000ec400000,0x00000000ec400000)
  from space 8192K, 77% used [0x00000000ecc80000,0x00000000ed2b0d18,0x00000000ed480000)
  to   space 8704K, 0% used [0x00000000ec400000,0x00000000ec400000,0x00000000ecc80000)
 ParOldGen       total 55808K, used 32390K [0x00000000c0000000, 0x00000000c3680000, 0x00000000eab00000)
  object space 55808K, 58% used [0x00000000c0000000,0x00000000c1fa1a60,0x00000000c3680000)
 Metaspace       used 7129K, capacity 7544K, committed 7808K, reserved 1056768K
  class space    used 766K, capacity 816K, committed 896K, reserved 1048576K
Event: 2.589 GC heap after
Heap after GC invocations=21 (full 0):
 PSYoungGen      total 34304K, used 3584K [0x00000000eab00000, 0x00000000edf00000, 0x0000000100000000)
  eden space 25600K, 0% used [0x00000000eab00000,0x00000000eab00000,0x00000000ec400000)
  from space 8704K, 41% used [0x00000000ec400000,0x00000000ec780308,0x00000000ecc80000)
  to   space 8704K, 0% used [0x00000000ed680000,0x00000000ed680000,0x00000000edf00000)
 ParOldGen       total 55808K, used 32398K [0x00000000c0000000, 0x00000000c3680000, 0x00000000eab00000)
  object space 55808K, 58% used [0x00000000c0000000,0x00000000c1fa3a60,0x00000000c3680000)
 Metaspace       used 7129K, capacity 7544K, committed 7808K, reserved 1056768K
  class space    used 766K, capacity 816K, committed 896K, reserved 1048576K
}

